<?xml version="1.0" encoding="UTF-8"?>
<testng-results skipped="0" failed="0" total="1" passed="1">
  <reporter-output>
  </reporter-output>
  <suite name="Default suite" duration-ms="84889" started-at="2019-06-25T08:11:12Z" finished-at="2019-06-25T08:12:37Z">
    <groups>
    </groups>
    <test name="Default test" duration-ms="84889" started-at="2019-06-25T08:11:12Z" finished-at="2019-06-25T08:12:37Z">
      <class name="qa.amazon.test_scenarios.AmazonHomePageAfterSignUp">
        <test-method status="PASS" signature="invokeBrowser()[pri:0, instance:qa.amazon.test_scenarios.AmazonHomePageAfterSignUp@5622fdf]" name="invokeBrowser" is-config="true" duration-ms="93766" started-at="2019-06-25T13:39:39Z" finished-at="2019-06-25T13:41:12Z">
          <reporter-output>
          </reporter-output>
        </test-method> <!-- invokeBrowser -->
        <test-method status="PASS" signature="setup()[pri:0, instance:qa.amazon.test_scenarios.AmazonHomePageAfterSignUp@5622fdf]" name="setup" is-config="true" duration-ms="27" started-at="2019-06-25T13:41:12Z" finished-at="2019-06-25T13:41:12Z">
          <reporter-output>
          </reporter-output>
        </test-method> <!-- setup -->
        <test-method status="PASS" signature="searchProduct()[pri:0, instance:qa.amazon.test_scenarios.AmazonHomePageAfterSignUp@5622fdf]" name="searchProduct" duration-ms="84839" started-at="2019-06-25T13:41:12Z" finished-at="2019-06-25T13:42:37Z">
          <reporter-output>
          </reporter-output>
        </test-method> <!-- searchProduct -->
        <test-method status="PASS" signature="closeBrower()[pri:0, instance:qa.amazon.test_scenarios.AmazonHomePageAfterSignUp@5622fdf]" name="closeBrower" is-config="true" duration-ms="0" started-at="2019-06-25T13:42:37Z" finished-at="2019-06-25T13:42:37Z">
          <reporter-output>
          </reporter-output>
        </test-method> <!-- closeBrower -->
      </class> <!-- qa.amazon.test_scenarios.AmazonHomePageAfterSignUp -->
    </test> <!-- Default test -->
  </suite> <!-- Default suite -->
</testng-results>
